<?xml version="1.0" encoding="UTF-8"?>
<testsuite xmlns:xsi="http://www.w3.org/2001/XMLSchema-instance" xsi:noNamespaceSchemaLocation="https://maven.apache.org/surefire/maven-surefire-plugin/xsd/surefire-test-report.xsd" name="org.jboss.as.quickstarts.kitchensink.spring.springmvctest.test.MemberMockMVCTest" time="0.626" tests="2" errors="0" skipped="0" failures="0">
  <properties>
[...]
</properties>
  <testcase name="getAccount" classname="org.jboss.as.quickstarts.kitchensink.spring.springmvctest.test.MemberMockMVCTest" time="0.237"/>
  <testcase name="getAccountClient" classname="org.jboss.as.quickstarts.kitchensink.spring.springmvctest.test.MemberMockMVCTest" time="0.077"/>
</testsuite>